<?xml version="1.0" encoding="UTF-8"?>
<!-- Generated by org.testng.reporters.JUnitReportReporter -->
<testsuite name="org.emdcs.test.partsavailability.PartsAvailability" tests="1" time="77.949" ignored="0" failures="0" timestamp="17 Aug 2017 11:23:36 GMT" skipped="0" hostname="INHD0883" errors="0">
  <testcase name="verifyPartsAvailability" time="77.949" classname="org.emdcs.test.partsavailability.PartsAvailability"/>
</testsuite> <!-- org.emdcs.test.partsavailability.PartsAvailability -->
