<?xml version="1.0" encoding="UTF-8"?>
<!-- Generated by org.testng.reporters.JUnitReportReporter -->
<testsuite name="browserstack.TestBase" tests="1" time="4.303" ignored="0" failures="0" timestamp="06 Sep 2017 06:52:12 GMT" skipped="0" hostname="INHD0883" errors="0">
  <testcase name="testSimple" time="4.303" classname="browserstack.TestBase"/>
</testsuite> <!-- browserstack.TestBase -->
