<?xml version="1.0" encoding="UTF-8"?>
<!-- Generated by org.testng.reporters.JUnitReportReporter -->
<testsuite name="org.emdcs.test.partsview.VerifyViewSalesOrdersByMNAOOrderNumber" tests="1" time="10.544" ignored="24" failures="0" timestamp="14 Aug 2017 07:20:13 GMT" skipped="0" hostname="INHD0883" errors="0">
  <testcase name="mnaoOrderNumber" time="10.544" classname="org.emdcs.test.partsview.VerifyViewSalesOrdersByMNAOOrderNumber"/>
  <testcase name="tearDown" classname="core.Launchbrowser">
    <skipped/>
  </testcase> <!-- tearDown -->
  <testcase name="tearDown" classname="core.Launchbrowser">
    <skipped/>
  </testcase> <!-- tearDown -->
  <testcase name="tearDown" classname="core.Launchbrowser">
    <skipped/>
  </testcase> <!-- tearDown -->
  <testcase name="tearDown" classname="core.Launchbrowser">
    <skipped/>
  </testcase> <!-- tearDown -->
  <testcase name="tearDown" classname="core.Launchbrowser">
    <skipped/>
  </testcase> <!-- tearDown -->
  <testcase name="tearDown" classname="core.Launchbrowser">
    <skipped/>
  </testcase> <!-- tearDown -->
  <testcase name="tearDown" classname="core.Launchbrowser">
    <skipped/>
  </testcase> <!-- tearDown -->
  <testcase name="tearDown" classname="core.Launchbrowser">
    <skipped/>
  </testcase> <!-- tearDown -->
  <testcase name="exitbrowser" classname="core.Launchbrowser">
    <skipped/>
  </testcase> <!-- exitbrowser -->
  <testcase name="exitbrowser" classname="core.Launchbrowser">
    <skipped/>
  </testcase> <!-- exitbrowser -->
  <testcase name="exitbrowser" classname="core.Launchbrowser">
    <skipped/>
  </testcase> <!-- exitbrowser -->
  <testcase name="exitbrowser" classname="core.Launchbrowser">
    <skipped/>
  </testcase> <!-- exitbrowser -->
  <testcase name="exitbrowser" classname="core.Launchbrowser">
    <skipped/>
  </testcase> <!-- exitbrowser -->
  <testcase name="exitbrowser" classname="core.Launchbrowser">
    <skipped/>
  </testcase> <!-- exitbrowser -->
  <testcase name="exitbrowser" classname="core.Launchbrowser">
    <skipped/>
  </testcase> <!-- exitbrowser -->
  <testcase name="exitbrowser" classname="core.Launchbrowser">
    <skipped/>
  </testcase> <!-- exitbrowser -->
  <testcase name="setUp" classname="core.Launchbrowser">
    <skipped/>
  </testcase> <!-- setUp -->
  <testcase name="setUp" classname="core.Launchbrowser">
    <skipped/>
  </testcase> <!-- setUp -->
  <testcase name="setUp" classname="core.Launchbrowser">
    <skipped/>
  </testcase> <!-- setUp -->
  <testcase name="setUp" classname="core.Launchbrowser">
    <skipped/>
  </testcase> <!-- setUp -->
  <testcase name="setUp" classname="core.Launchbrowser">
    <skipped/>
  </testcase> <!-- setUp -->
  <testcase name="setUp" classname="core.Launchbrowser">
    <skipped/>
  </testcase> <!-- setUp -->
  <testcase name="setUp" classname="core.Launchbrowser">
    <skipped/>
  </testcase> <!-- setUp -->
  <testcase name="setUp" classname="core.Launchbrowser">
    <skipped/>
  </testcase> <!-- setUp -->
</testsuite> <!-- org.emdcs.test.partsview.VerifyViewSalesOrdersByMNAOOrderNumber -->
