<?xml version="1.0" encoding="UTF-8"?>
<!-- Generated by org.testng.reporters.JUnitReportReporter -->
<testsuite name="org.emdcs.test.partsavailability.PartsAvailability" tests="1" time="35.415" ignored="0" failures="0" timestamp="23 Aug 2017 08:52:37 GMT" skipped="0" hostname="INHD0883" errors="0">
  <testcase name="verifyPartsAvailability" time="35.415" classname="org.emdcs.test.partsavailability.PartsAvailability"/>
</testsuite> <!-- org.emdcs.test.partsavailability.PartsAvailability -->
