<?xml version="1.0" encoding="UTF-8"?>
<!-- Generated by org.testng.reporters.JUnitReportReporter -->
<testsuite name="org.emdcs.test.partsview.VerifytodaySalesOrders" tests="1" time="20.520" ignored="0" failures="0" timestamp="31 Aug 2017 10:32:13 GMT" skipped="0" hostname="INHD0883" errors="0">
  <testcase name="todaySalesOrders" time="20.520" classname="org.emdcs.test.partsview.VerifytodaySalesOrders"/>
</testsuite> <!-- org.emdcs.test.partsview.VerifytodaySalesOrders -->
