<?xml version="1.0" encoding="UTF-8"?>
<!-- Generated by org.testng.reporters.JUnitReportReporter -->
<testsuite name="org.emdcs.test.partsreturn.VerifytodaySalesOrdersDemo" tests="1" time="21.104" ignored="0" failures="0" timestamp="01 Sep 2017 11:50:55 GMT" skipped="0" hostname="INHD0883" errors="0">
  <testcase name="todaySalesOrdersDemo" time="21.104" classname="org.emdcs.test.partsreturn.VerifytodaySalesOrdersDemo"/>
</testsuite> <!-- org.emdcs.test.partsreturn.VerifytodaySalesOrdersDemo -->
