<?xml version="1.0" encoding="UTF-8"?>
<!-- Generated by org.testng.reporters.JUnitReportReporter -->
<testsuite name="org.emdcs.test.partsview.VerifytrackShipmentByDate" tests="1" time="23.407" ignored="30" failures="0" timestamp="14 Aug 2017 06:42:31 GMT" skipped="0" hostname="INHD0883" errors="0">
  <testcase name="trackShipmentByDate" time="23.407" classname="org.emdcs.test.partsview.VerifytrackShipmentByDate"/>
  <testcase name="exitbrowser" classname="core.Launchbrowser">
    <skipped/>
  </testcase> <!-- exitbrowser -->
  <testcase name="exitbrowser" classname="core.Launchbrowser">
    <skipped/>
  </testcase> <!-- exitbrowser -->
  <testcase name="exitbrowser" classname="core.Launchbrowser">
    <skipped/>
  </testcase> <!-- exitbrowser -->
  <testcase name="exitbrowser" classname="core.Launchbrowser">
    <skipped/>
  </testcase> <!-- exitbrowser -->
  <testcase name="exitbrowser" classname="core.Launchbrowser">
    <skipped/>
  </testcase> <!-- exitbrowser -->
  <testcase name="exitbrowser" classname="core.Launchbrowser">
    <skipped/>
  </testcase> <!-- exitbrowser -->
  <testcase name="exitbrowser" classname="core.Launchbrowser">
    <skipped/>
  </testcase> <!-- exitbrowser -->
  <testcase name="exitbrowser" classname="core.Launchbrowser">
    <skipped/>
  </testcase> <!-- exitbrowser -->
  <testcase name="exitbrowser" classname="core.Launchbrowser">
    <skipped/>
  </testcase> <!-- exitbrowser -->
  <testcase name="exitbrowser" classname="core.Launchbrowser">
    <skipped/>
  </testcase> <!-- exitbrowser -->
  <testcase name="setUp" classname="core.Launchbrowser">
    <skipped/>
  </testcase> <!-- setUp -->
  <testcase name="setUp" classname="core.Launchbrowser">
    <skipped/>
  </testcase> <!-- setUp -->
  <testcase name="setUp" classname="core.Launchbrowser">
    <skipped/>
  </testcase> <!-- setUp -->
  <testcase name="setUp" classname="core.Launchbrowser">
    <skipped/>
  </testcase> <!-- setUp -->
  <testcase name="setUp" classname="core.Launchbrowser">
    <skipped/>
  </testcase> <!-- setUp -->
  <testcase name="setUp" classname="core.Launchbrowser">
    <skipped/>
  </testcase> <!-- setUp -->
  <testcase name="setUp" classname="core.Launchbrowser">
    <skipped/>
  </testcase> <!-- setUp -->
  <testcase name="setUp" classname="core.Launchbrowser">
    <skipped/>
  </testcase> <!-- setUp -->
  <testcase name="setUp" classname="core.Launchbrowser">
    <skipped/>
  </testcase> <!-- setUp -->
  <testcase name="setUp" classname="core.Launchbrowser">
    <skipped/>
  </testcase> <!-- setUp -->
  <testcase name="tearDown" classname="core.Launchbrowser">
    <skipped/>
  </testcase> <!-- tearDown -->
  <testcase name="tearDown" classname="core.Launchbrowser">
    <skipped/>
  </testcase> <!-- tearDown -->
  <testcase name="tearDown" classname="core.Launchbrowser">
    <skipped/>
  </testcase> <!-- tearDown -->
  <testcase name="tearDown" classname="core.Launchbrowser">
    <skipped/>
  </testcase> <!-- tearDown -->
  <testcase name="tearDown" classname="core.Launchbrowser">
    <skipped/>
  </testcase> <!-- tearDown -->
  <testcase name="tearDown" classname="core.Launchbrowser">
    <skipped/>
  </testcase> <!-- tearDown -->
  <testcase name="tearDown" classname="core.Launchbrowser">
    <skipped/>
  </testcase> <!-- tearDown -->
  <testcase name="tearDown" classname="core.Launchbrowser">
    <skipped/>
  </testcase> <!-- tearDown -->
  <testcase name="tearDown" classname="core.Launchbrowser">
    <skipped/>
  </testcase> <!-- tearDown -->
  <testcase name="tearDown" classname="core.Launchbrowser">
    <skipped/>
  </testcase> <!-- tearDown -->
</testsuite> <!-- org.emdcs.test.partsview.VerifytrackShipmentByDate -->
