<?xml version="1.0" encoding="UTF-8"?>
<!-- Generated by org.testng.reporters.JUnitReportReporter -->
<testsuite name="core.TestBase" tests="1" time="4.135" ignored="0" failures="0" timestamp="21 Aug 2017 08:25:53 GMT" skipped="0" hostname="INHD0883" errors="0">
  <testcase name="testSimple" time="4.135" classname="core.TestBase"/>
</testsuite> <!-- core.TestBase -->
