<?xml version="1.0" encoding="UTF-8"?>
<!-- Generated by org.testng.reporters.JUnitReportReporter -->
<testsuite name="org.emdcs.test.partsview.VerifytodaySalesOrders" tests="1" time="21.768" ignored="0" failures="0" timestamp="04 Sep 2017 06:20:16 GMT" skipped="0" hostname="INHD0883" errors="0">
  <testcase name="todaySalesOrders" time="21.768" classname="org.emdcs.test.partsview.VerifytodaySalesOrders"/>
</testsuite> <!-- org.emdcs.test.partsview.VerifytodaySalesOrders -->
